<?xml version="1.0" encoding="UTF-8"?>
<testsuite name="lab1.Lab1Test" tests="9" skipped="0" failures="2" errors="0" timestamp="2022-11-17T17:19:56" hostname="DESKTOP-TVLHH8O" time="0.055">
  <properties/>
  <testcase name="employeeEqualsTest[0](Frank | 500.0 | Poshtova, 22 | 0504340601 | true, Frank | 500.0 | Poshtova, 22 | 0504340601 | true)" classname="lab1.Lab1Test" time="0.011"/>
  <testcase name="employeeNotEqualsTest[0](Frank | 500.0 | Poshtova, 22 | 0504340601 | true, Ivan | 1200.5 |   |   | false)" classname="lab1.Lab1Test" time="0.0"/>
  <testcase name="employeeToStringTest[0](Frank | 500.0 | Poshtova, 22 | 0504340601 | true, Frank | 500.0 | Poshtova, 22 | 0504340601 | true)" classname="lab1.Lab1Test" time="0.001"/>
  <testcase name="producerEqualsTest[0](Name: Producer #1&#10;Address: Bojenka,20&#10;Contact employee: Frank | 500.0 | Poshtova, 22 | 0504340601 | true&#10;Products: []&#10;, Name: Producer #1&#10;Address: Bojenka,20&#10;Contact employee: Frank | 500.0 | Poshtova, 22 | 0504340601 | true&#10;Products: []&#10;)" classname="lab1.Lab1Test" time="0.005"/>
  <testcase name="producerNotEqualsTest[0](Name: Producer #1&#10;Address: Bojenka,20&#10;Contact employee: Frank | 500.0 | Poshtova, 22 | 0504340601 | true&#10;Products: []&#10;, Name: Producer #2&#10;Address: Nezalezhnosti, 147&#10;Contact employee:   | 0.0 |   |   | false&#10;Products: []&#10;)" classname="lab1.Lab1Test" time="0.0"/>
  <testcase name="producerToStringTest[0](Name: Producer #1&#10;Address: Bojenka,20&#10;Contact employee: Frank | 500.0 | Poshtova, 22 | 0504340601 | true&#10;Products: []&#10;, Producer #1 | Bojenka,20 | Contact person: &#10;Frank | 500.0 | Poshtova, 22 | 0504340601 | true)" classname="lab1.Lab1Test" time="0.008">
    <failure message="java.lang.AssertionError: expected [Producer #1 | Bojenka,20 | Contact person: &#10;Frank | 500.0 | Poshtova, 22 | 0504340601 | true] but found [Name: Producer #1&#10;Address: Bojenka,20&#10;Contact employee: Frank | 500.0 | Poshtova, 22 | 0504340601 | true&#10;Products: []&#10;]" type="java.lang.AssertionError">java.lang.AssertionError: expected [Producer #1 | Bojenka,20 | Contact person: 
Frank | 500.0 | Poshtova, 22 | 0504340601 | true] but found [Name: Producer #1
Address: Bojenka,20
Contact employee: Frank | 500.0 | Poshtova, 22 | 0504340601 | true
Products: []
]
	at org.testng.Assert.fail(Assert.java:110)
	at org.testng.Assert.failNotEquals(Assert.java:1413)
	at org.testng.Assert.assertEqualsImpl(Assert.java:149)
	at org.testng.Assert.assertEquals(Assert.java:131)
	at org.testng.Assert.assertEquals(Assert.java:655)
	at org.testng.Assert.assertEquals(Assert.java:665)
	at lab1.Lab1Test.producerToStringTest(Lab1Test.java:119)
	at java.base/jdk.internal.reflect.NativeMethodAccessorImpl.invoke0(Native Method)
	at java.base/jdk.internal.reflect.NativeMethodAccessorImpl.invoke(NativeMethodAccessorImpl.java:78)
	at java.base/jdk.internal.reflect.DelegatingMethodAccessorImpl.invoke(DelegatingMethodAccessorImpl.java:43)
	at java.base/java.lang.reflect.Method.invoke(Method.java:567)
	at org.testng.internal.invokers.MethodInvocationHelper.invokeMethod(MethodInvocationHelper.java:139)
	at org.testng.internal.invokers.TestInvoker.invokeMethod(TestInvoker.java:677)
	at org.testng.internal.invokers.TestInvoker.invokeTestMethod(TestInvoker.java:221)
	at org.testng.internal.invokers.MethodRunner.runInSequence(MethodRunner.java:50)
	at org.testng.internal.invokers.TestInvoker$MethodInvocationAgent.invoke(TestInvoker.java:962)
	at org.testng.internal.invokers.TestInvoker.invokeTestMethods(TestInvoker.java:194)
	at org.testng.internal.invokers.TestMethodWorker.invokeTestMethods(TestMethodWorker.java:148)
	at org.testng.internal.invokers.TestMethodWorker.run(TestMethodWorker.java:128)
	at java.base/java.util.ArrayList.forEach(ArrayList.java:1511)
	at org.testng.TestRunner.privateRun(TestRunner.java:806)
	at org.testng.TestRunner.run(TestRunner.java:601)
	at org.testng.SuiteRunner.runTest(SuiteRunner.java:433)
	at org.testng.SuiteRunner.runSequentially(SuiteRunner.java:427)
	at org.testng.SuiteRunner.privateRun(SuiteRunner.java:387)
	at org.testng.SuiteRunner.run(SuiteRunner.java:330)
	at org.testng.SuiteRunnerWorker.runSuite(SuiteRunnerWorker.java:52)
	at org.testng.SuiteRunnerWorker.run(SuiteRunnerWorker.java:95)
	at org.testng.TestNG.runSuitesSequentially(TestNG.java:1256)
	at org.testng.TestNG.runSuitesLocally(TestNG.java:1176)
	at org.testng.TestNG.runSuites(TestNG.java:1099)
	at org.testng.TestNG.run(TestNG.java:1067)
	at org.gradle.api.internal.tasks.testing.testng.TestNGTestClassProcessor.runTests(TestNGTestClassProcessor.java:141)
	at org.gradle.api.internal.tasks.testing.testng.TestNGTestClassProcessor.stop(TestNGTestClassProcessor.java:90)
	at org.gradle.api.internal.tasks.testing.SuiteTestClassProcessor.stop(SuiteTestClassProcessor.java:61)
	at java.base/jdk.internal.reflect.NativeMethodAccessorImpl.invoke0(Native Method)
	at java.base/jdk.internal.reflect.NativeMethodAccessorImpl.invoke(NativeMethodAccessorImpl.java:78)
	at java.base/jdk.internal.reflect.DelegatingMethodAccessorImpl.invoke(DelegatingMethodAccessorImpl.java:43)
	at java.base/java.lang.reflect.Method.invoke(Method.java:567)
	at org.gradle.internal.dispatch.ReflectionDispatch.dispatch(ReflectionDispatch.java:36)
	at org.gradle.internal.dispatch.ReflectionDispatch.dispatch(ReflectionDispatch.java:24)
	at org.gradle.internal.dispatch.ContextClassLoaderDispatch.dispatch(ContextClassLoaderDispatch.java:33)
	at org.gradle.internal.dispatch.ProxyDispatchAdapter$DispatchingInvocationHandler.invoke(ProxyDispatchAdapter.java:94)
	at jdk.proxy1/jdk.proxy1.$Proxy2.stop(Unknown Source)
	at org.gradle.api.internal.tasks.testing.worker.TestWorker$3.run(TestWorker.java:193)
	at org.gradle.api.internal.tasks.testing.worker.TestWorker.executeAndMaintainThreadName(TestWorker.java:129)
	at org.gradle.api.internal.tasks.testing.worker.TestWorker.execute(TestWorker.java:100)
	at org.gradle.api.internal.tasks.testing.worker.TestWorker.execute(TestWorker.java:60)
	at org.gradle.process.internal.worker.child.ActionExecutionWorker.execute(ActionExecutionWorker.java:56)
	at org.gradle.process.internal.worker.child.SystemApplicationClassLoaderWorker.call(SystemApplicationClassLoaderWorker.java:133)
	at org.gradle.process.internal.worker.child.SystemApplicationClassLoaderWorker.call(SystemApplicationClassLoaderWorker.java:71)
	at worker.org.gradle.process.internal.worker.GradleWorkerMain.run(GradleWorkerMain.java:69)
	at worker.org.gradle.process.internal.worker.GradleWorkerMain.main(GradleWorkerMain.java:74)
</failure>
  </testcase>
  <testcase name="productEqualsTest[0](Id: 1&#10;Name: Sofa&#10;Category: Living room&#10;Price: 50.49&#10;Producer: Name: Producer #1&#10;Address: Bojenka,20&#10;Contact employee: Frank | 500.0 | Poshtova, 22 | 0504340601 | true&#10;Products: []&#10;&#10;, Id: 1&#10;Name: Sofa&#10;Category: Living room&#10;Price: 50.49&#10;Producer: Name:  &#10;Address:  &#10;Contact employee:   | 0.0 |   |   | false&#10;Products: []&#10;&#10;)" classname="lab1.Lab1Test" time="0.008"/>
  <testcase name="productNotEqualsTest[0](Id: 1&#10;Name: Sofa&#10;Category: Living room&#10;Price: 50.49&#10;Producer: Name: Producer #1&#10;Address: Bojenka,20&#10;Contact employee: Frank | 500.0 | Poshtova, 22 | 0504340601 | true&#10;Products: []&#10;&#10;, Id: 2&#10;Name: Table&#10;Category: Kitchen&#10;Price: 200.0&#10;Producer: Name:  &#10;Address:  &#10;Contact employee:   | 0.0 |   |   | false&#10;Products: []&#10;&#10;)" classname="lab1.Lab1Test" time="0.0"/>
  <testcase name="productToStringTest[0](Id: 1&#10;Name: Sofa&#10;Category: Living room&#10;Price: 50.49&#10;Producer: Name: Producer #1&#10;Address: Bojenka,20&#10;Contact employee: Frank | 500.0 | Poshtova, 22 | 0504340601 | true&#10;Products: []&#10;&#10;, Sofa | 1 | Sofa | 50.49 | Living room | Producer:&#10;Producer #1 | Bojenka,20 | Contact person: &#10;Frank | 500.0 | Poshtova, 22 | 0504340601 | true)" classname="lab1.Lab1Test" time="0.001">
    <failure message="java.lang.AssertionError: expected [Sofa | 1 | Sofa | 50.49 | Living room | Producer:&#10;Producer #1 | Bojenka,20 | Contact person: &#10;Frank | 500.0 | Poshtova, 22 | 0504340601 | true] but found [Id: 1&#10;Name: Sofa&#10;Category: Living room&#10;Price: 50.49&#10;Producer: Name: Producer #1&#10;Address: Bojenka,20&#10;Contact employee: Frank | 500.0 | Poshtova, 22 | 0504340601 | true&#10;Products: []&#10;&#10;]" type="java.lang.AssertionError">java.lang.AssertionError: expected [Sofa | 1 | Sofa | 50.49 | Living room | Producer:
Producer #1 | Bojenka,20 | Contact person: 
Frank | 500.0 | Poshtova, 22 | 0504340601 | true] but found [Id: 1
Name: Sofa
Category: Living room
Price: 50.49
Producer: Name: Producer #1
Address: Bojenka,20
Contact employee: Frank | 500.0 | Poshtova, 22 | 0504340601 | true
Products: []

]
	at org.testng.Assert.fail(Assert.java:110)
	at org.testng.Assert.failNotEquals(Assert.java:1413)
	at org.testng.Assert.assertEqualsImpl(Assert.java:149)
	at org.testng.Assert.assertEquals(Assert.java:131)
	at org.testng.Assert.assertEquals(Assert.java:655)
	at org.testng.Assert.assertEquals(Assert.java:665)
	at lab1.Lab1Test.productToStringTest(Lab1Test.java:87)
	at java.base/jdk.internal.reflect.NativeMethodAccessorImpl.invoke0(Native Method)
	at java.base/jdk.internal.reflect.NativeMethodAccessorImpl.invoke(NativeMethodAccessorImpl.java:78)
	at java.base/jdk.internal.reflect.DelegatingMethodAccessorImpl.invoke(DelegatingMethodAccessorImpl.java:43)
	at java.base/java.lang.reflect.Method.invoke(Method.java:567)
	at org.testng.internal.invokers.MethodInvocationHelper.invokeMethod(MethodInvocationHelper.java:139)
	at org.testng.internal.invokers.TestInvoker.invokeMethod(TestInvoker.java:677)
	at org.testng.internal.invokers.TestInvoker.invokeTestMethod(TestInvoker.java:221)
	at org.testng.internal.invokers.MethodRunner.runInSequence(MethodRunner.java:50)
	at org.testng.internal.invokers.TestInvoker$MethodInvocationAgent.invoke(TestInvoker.java:962)
	at org.testng.internal.invokers.TestInvoker.invokeTestMethods(TestInvoker.java:194)
	at org.testng.internal.invokers.TestMethodWorker.invokeTestMethods(TestMethodWorker.java:148)
	at org.testng.internal.invokers.TestMethodWorker.run(TestMethodWorker.java:128)
	at java.base/java.util.ArrayList.forEach(ArrayList.java:1511)
	at org.testng.TestRunner.privateRun(TestRunner.java:806)
	at org.testng.TestRunner.run(TestRunner.java:601)
	at org.testng.SuiteRunner.runTest(SuiteRunner.java:433)
	at org.testng.SuiteRunner.runSequentially(SuiteRunner.java:427)
	at org.testng.SuiteRunner.privateRun(SuiteRunner.java:387)
	at org.testng.SuiteRunner.run(SuiteRunner.java:330)
	at org.testng.SuiteRunnerWorker.runSuite(SuiteRunnerWorker.java:52)
	at org.testng.SuiteRunnerWorker.run(SuiteRunnerWorker.java:95)
	at org.testng.TestNG.runSuitesSequentially(TestNG.java:1256)
	at org.testng.TestNG.runSuitesLocally(TestNG.java:1176)
	at org.testng.TestNG.runSuites(TestNG.java:1099)
	at org.testng.TestNG.run(TestNG.java:1067)
	at org.gradle.api.internal.tasks.testing.testng.TestNGTestClassProcessor.runTests(TestNGTestClassProcessor.java:141)
	at org.gradle.api.internal.tasks.testing.testng.TestNGTestClassProcessor.stop(TestNGTestClassProcessor.java:90)
	at org.gradle.api.internal.tasks.testing.SuiteTestClassProcessor.stop(SuiteTestClassProcessor.java:61)
	at java.base/jdk.internal.reflect.NativeMethodAccessorImpl.invoke0(Native Method)
	at java.base/jdk.internal.reflect.NativeMethodAccessorImpl.invoke(NativeMethodAccessorImpl.java:78)
	at java.base/jdk.internal.reflect.DelegatingMethodAccessorImpl.invoke(DelegatingMethodAccessorImpl.java:43)
	at java.base/java.lang.reflect.Method.invoke(Method.java:567)
	at org.gradle.internal.dispatch.ReflectionDispatch.dispatch(ReflectionDispatch.java:36)
	at org.gradle.internal.dispatch.ReflectionDispatch.dispatch(ReflectionDispatch.java:24)
	at org.gradle.internal.dispatch.ContextClassLoaderDispatch.dispatch(ContextClassLoaderDispatch.java:33)
	at org.gradle.internal.dispatch.ProxyDispatchAdapter$DispatchingInvocationHandler.invoke(ProxyDispatchAdapter.java:94)
	at jdk.proxy1/jdk.proxy1.$Proxy2.stop(Unknown Source)
	at org.gradle.api.internal.tasks.testing.worker.TestWorker$3.run(TestWorker.java:193)
	at org.gradle.api.internal.tasks.testing.worker.TestWorker.executeAndMaintainThreadName(TestWorker.java:129)
	at org.gradle.api.internal.tasks.testing.worker.TestWorker.execute(TestWorker.java:100)
	at org.gradle.api.internal.tasks.testing.worker.TestWorker.execute(TestWorker.java:60)
	at org.gradle.process.internal.worker.child.ActionExecutionWorker.execute(ActionExecutionWorker.java:56)
	at org.gradle.process.internal.worker.child.SystemApplicationClassLoaderWorker.call(SystemApplicationClassLoaderWorker.java:133)
	at org.gradle.process.internal.worker.child.SystemApplicationClassLoaderWorker.call(SystemApplicationClassLoaderWorker.java:71)
	at worker.org.gradle.process.internal.worker.GradleWorkerMain.run(GradleWorkerMain.java:69)
	at worker.org.gradle.process.internal.worker.GradleWorkerMain.main(GradleWorkerMain.java:74)
</failure>
  </testcase>
  <system-out><![CDATA[]]></system-out>
  <system-err><![CDATA[]]></system-err>
</testsuite>
